<?xml version="1.0" encoding="UTF-8"?>
<!-- Generated by org.testng.reporters.JUnitReportReporter -->
<testsuite hostname="vamsisatya-macbookpro.roam.internal" failures="0" tests="1" name="MobileGestures.LongPress" time="19.927" errors="0" timestamp="2024-12-27T12:03:12 IST" skipped="0">
  <testcase classname="MobileGestures.LongPress" name="longPressGesture" time="19.927"/>
</testsuite> <!-- MobileGestures.LongPress -->
