<?xml version="1.0" encoding="UTF-8"?>
<!-- Generated by org.testng.reporters.JUnitReportReporter -->
<testsuite hostname="vamsisatya-macbookpro.roam.internal" failures="0" tests="1" name="MobileGestures.DragDrop" time="17.894" errors="0" timestamp="2024-12-27T16:34:16 IST" skipped="0">
  <testcase classname="MobileGestures.DragDrop" name="longPressGesture" time="17.894"/>
</testsuite> <!-- MobileGestures.DragDrop -->
