<?xml version="1.0" encoding="UTF-8"?>
<!-- Generated by org.testng.reporters.JUnitReportReporter -->
<testsuite hostname="vamsisatya-macbookpro.roam.internal" failures="0" tests="1" name="MobileGestures.MisceallanousAppiumApplication" time="21.358" errors="0" timestamp="2024-12-27T17:25:41 IST" skipped="0">
  <testcase classname="MobileGestures.MisceallanousAppiumApplication" name="rotation" time="21.358"/>
</testsuite> <!-- MobileGestures.MisceallanousAppiumApplication -->
