<?xml version="1.0" encoding="UTF-8"?>
<!-- Generated by org.testng.reporters.JUnitReportReporter -->
<testsuite hostname="vamsisatya-macbookpro.roam.internal" failures="0" tests="1" name="MobileGestures.SwipeGesture" time="19.513" errors="0" timestamp="2024-12-27T14:36:08 IST" skipped="0">
  <testcase classname="MobileGestures.SwipeGesture" name="swiping" time="19.513"/>
</testsuite> <!-- MobileGestures.SwipeGesture -->
