<?xml version="1.0" encoding="UTF-8"?>
<!-- Generated by org.testng.reporters.JUnitReportReporter -->
<testsuite hostname="vamsisatya-macbookpro.roam.internal" failures="0" tests="1" name="MobileGestures.ScrollGesture" time="14.940" errors="0" timestamp="2024-12-27T13:53:32 IST" skipped="0">
  <testcase classname="MobileGestures.ScrollGesture" name="scrollGesture" time="14.940"/>
</testsuite> <!-- MobileGestures.ScrollGesture -->
