<?xml version="1.0" encoding="UTF-8"?>
<!-- Generated by org.testng.reporters.JUnitReportReporter -->
<testsuite hostname="vamsisatya-macbookpro.roam.internal" failures="0" tests="1" name="AppiumBasics" time="18.014" errors="0" timestamp="2024-12-27T11:04:57 IST" skipped="0">
  <testcase classname="AppiumBasics" name="Appiumtest" time="18.014"/>
</testsuite> <!-- AppiumBasics -->
